          xl : xu  / jli : jui         -1.000 :     1.000   /    -40 :   40
          yl : yu  / kli : kui          0.000 :     1.000   /      0 :   40
          zl : zu  / lli : lui          0.000 :     1.000   /      0 :   40

         **  Initialize matrix  
         **  IMUL components constructed  
##fld=1
##scl=0
##tab=3
##nxmin=-40
##nxmax=40
##nymin=0
##nymax=40
##nzmin=0
##nzmax=40
##ln=2
##fmrxgnum=10
##fmrxgnum=10
##fmrygnum=10
##fmrygnum=10
##fmrzgnum=10
##fmrzgnum=10
##time=61.0136052977823482 dtp=0.0012500000000000 dtpp=0.0012500000000000
continue
          xl : xu  / jli : jui         -0.250 :     0.250   /    -20 :   20
          yl : yu  / kli : kui          0.000 :     0.250   /      0 :   20
          zl : zu  / lli : lui          0.000 :     0.250   /      0 :   20

Fmv1 for layer #1 constructer done
initial setting done
##time=61.0136052977823482 dtp=0.0006250000000000 dtpp=0.0006250000000000
          xl : xu  / jli : jui         -0.125 :     0.125   /    -20 :   20
          yl : yu  / kli : kui          0.000 :     0.125   /      0 :   20
          zl : zu  / lli : lui          0.000 :     0.125   /      0 :   20

Fmv1 for layer #2 constructer done
initial setting done
##time=61.0136052977823482 dtp=0.0003125000000000 dtpp=0.0003125000000000
ln=2
##Hini=8.14715638e-03

          +---------------------------------------+
          |      Set up initial condition         |
          +---------------------------------------+

aparent horizon finder
reset AH+ finder
      AHF step=0 : err=3.1308283664e-03 : R(0,0)=5.3712996031e-03 : R(Pi/2,0)=7.3570166614e-03 : R(Pi/2,Pi/2)=7.3528299838e-03 : r(0,0)/zmax=4.4938544990e-01 : r(Pi/2,0)/xmax=5.9376092243e-01 : r(Pi/2,Pi/2)/ymax=5.9347093127e-01 : expmax=-4.5796572456e-01 : expmin=-6.0718261697e-01
      AHF step=1 : err=2.3265616824e-03 : R(0,0)=5.6774550989e-03 : R(Pi/2,0)=7.5027894569e-03 : R(Pi/2,Pi/2)=7.4961164127e-03 : r(0,0)/zmax=4.7254259683e-01 : r(Pi/2,0)/xmax=6.0382052856e-01 : r(Pi/2,Pi/2)/ymax=6.0336161427e-01 : expmax=-4.6590487346e-01 : expmin=-5.9061502797e-01
      AHF step=2 : err=1.7067611210e-03 : R(0,0)=5.9226891222e-03 : R(Pi/2,0)=7.5900129245e-03 : R(Pi/2,Pi/2)=7.5819295316e-03 : r(0,0)/zmax=4.9085604775e-01 : r(Pi/2,0)/xmax=6.0980506362e-01 : r(Pi/2,Pi/2)/ymax=6.0925153746e-01 : expmax=-4.7017936193e-01 : expmin=-5.7710967098e-01
      AHF step=3 : err=1.2326629832e-03 : R(0,0)=6.1176404551e-03 : R(Pi/2,0)=7.6345327546e-03 : R(Pi/2,Pi/2)=7.6257367949e-03 : r(0,0)/zmax=5.0526441943e-01 : r(Pi/2,0)/xmax=6.1284967083e-01 : r(Pi/2,Pi/2)/ymax=6.1224866878e-01 : expmax=-4.7316303425e-01 : expmin=-5.6626325724e-01
      AHF step=4 : err=8.7625464934e-04 : R(0,0)=6.2714474150e-03 : R(Pi/2,0)=7.6479139924e-03 : R(Pi/2,Pi/2)=7.6388625764e-03 : r(0,0)/zmax=5.1653799116e-01 : r(Pi/2,0)/xmax=6.1376346837e-01 : r(Pi/2,Pi/2)/ymax=6.1314541846e-01 : expmax=-4.7610191186e-01 : expmin=-5.5765708238e-01
      AHF step=5 : err=6.1716260645e-04 : R(0,0)=6.3916886744e-03 : R(Pi/2,0)=7.6386752964e-03 : R(Pi/2,Pi/2)=7.6296683595e-03 : r(0,0)/zmax=5.2529361603e-01 : r(Pi/2,0)/xmax=6.1313262766e-01 : r(Pi/2,Pi/2)/ymax=6.1251733345e-01 : expmax=-4.7916568260e-01 : expmin=-5.5089283026e-01
      AHF step=6 : err=4.4315626172e-04 : R(0,0)=6.4845990231e-03 : R(Pi/2,0)=7.6131429114e-03 : R(Pi/2,Pi/2)=7.6043752368e-03 : r(0,0)/zmax=5.3202443812e-01 : r(Pi/2,0)/xmax=6.1138770889e-01 : r(Pi/2,Pi/2)/ymax=6.1078800364e-01 : expmax=-4.8234388702e-01 : expmin=-5.4562378771e-01
      AHF step=7 : err=3.4727746302e-04 : R(0,0)=6.5552916891e-03 : R(Pi/2,0)=7.5760457418e-03 : R(Pi/2,Pi/2)=7.5676401967e-03 : r(0,0)/zmax=5.3712550230e-01 : r(Pi/2,0)/xmax=6.0884849383e-01 : r(Pi/2,Pi/2)/ymax=6.0827250414e-01 : expmax=-4.8566671885e-01 : expmin=-5.4156626655e-01
      AHF step=8 : err=3.1640665921e-04 : R(0,0)=6.6079444753e-03 : R(Pi/2,0)=7.5309304488e-03 : R(Pi/2,Pi/2)=7.5229607837e-03 : r(0,0)/zmax=5.4091349779e-01 : r(Pi/2,0)/xmax=6.0575415381e-01 : r(Pi/2,Pi/2)/ymax=6.0520681554e-01 : expmax=-4.8899090059e-01 : expmin=-5.3848821625e-01
      AHF step=9 : err=3.2437799035e-04 : R(0,0)=6.6459437783e-03 : R(Pi/2,0)=7.4804471236e-03 : R(Pi/2,Pi/2)=7.4729530192e-03 : r(0,0)/zmax=5.4364126784e-01 : r(Pi/2,0)/xmax=6.0228341932e-01 : r(Pi/2,Pi/2)/ymax=6.0176745822e-01 : expmax=-4.9231459469e-01 : expmin=-5.3620138109e-01
      AHF step=10 : err=3.4634680262e-04 : R(0,0)=6.6720402827e-03 : R(Pi/2,0)=7.4265765509e-03 : R(Pi/2,Pi/2)=7.4195741343e-03 : r(0,0)/zmax=5.4551168153e-01 : r(Pi/2,0)/xmax=5.9857022428e-01 : r(Pi/2,Pi/2)/ymax=5.9808683326e-01 : expmax=-4.9558177337e-01 : expmin=-5.3455433357e-01
      AHF step=11 : err=3.6902349910e-04 : R(0,0)=6.6884682366e-03 : R(Pi/2,0)=7.3707948466e-03 : R(Pi/2,Pi/2)=7.3642842740e-03 : r(0,0)/zmax=5.4668790381e-01 : r(Pi/2,0)/xmax=5.9471484760e-01 : r(Pi/2,Pi/2)/ymax=5.9426417266e-01 : expmax=-4.9875110096e-01 : expmin=-5.3342508207e-01
      AHF step=12 : err=3.8742456405e-04 : R(0,0)=6.6970449492e-03 : R(Pi/2,0)=7.3141955568e-03 : R(Pi/2,Pi/2)=7.3081665031e-03 : r(0,0)/zmax=5.4730161267e-01 : r(Pi/2,0)/xmax=5.9079207412e-01 : r(Pi/2,Pi/2)/ymax=5.9037356627e-01 : expmax=-5.0179155677e-01 : expmin=-5.3271527030e-01
      AHF step=13 : err=4.0039542709e-04 : R(0,0)=6.6992462893e-03 : R(Pi/2,0)=7.2575800937e-03 : R(Pi/2,Pi/2)=7.2520150686e-03 : r(0,0)/zmax=5.4745908878e-01 : r(Pi/2,0)/xmax=5.8685718600e-01 : r(Pi/2,Pi/2)/ymax=5.8646981133e-01 : expmax=-5.0468730627e-01 : expmin=-5.3234541038e-01
      AHF step=14 : err=4.0817280270e-04 : R(0,0)=6.6962773827e-03 : R(Pi/2,0)=7.2015343323e-03 : R(Pi/2,Pi/2)=7.1964111500e-03 : r(0,0)/zmax=5.4724669969e-01 : r(Pi/2,0)/xmax=5.8295104369e-01 : r(Pi/2,Pi/2)/ymax=5.8259344134e-01 : expmax=-5.0724452736e-01 : expmin=-5.3225129288e-01
      AHF step=15 : err=4.1149583570e-04 : R(0,0)=6.6891232026e-03 : R(Pi/2,0)=7.1464777510e-03 : R(Pi/2,Pi/2)=7.1417715685e-03 : r(0,0)/zmax=5.4673477911e-01 : r(Pi/2,0)/xmax=5.7910331399e-01 : r(Pi/2,Pi/2)/ymax=5.7877392916e-01 : expmax=-5.0959130622e-01 : expmin=-5.3238071284e-01
      AHF step=16 : err=4.1123589706e-04 : R(0,0)=6.6785854473e-03 : R(Pi/2,0)=7.0926986339e-03 : R(Pi/2,Pi/2)=7.0883833503e-03 : r(0,0)/zmax=5.4598042039e-01 : r(Pi/2,0)/xmax=5.7533477099e-01 : r(Pi/2,Pi/2)/ymax=5.7503194710e-01 : expmax=-5.1189178870e-01 : expmin=-5.3269114286e-01
      AHF step=17 : err=4.0810136948e-04 : R(0,0)=6.6653269168e-03 : R(Pi/2,0)=7.0403970961e-03 : R(Pi/2,Pi/2)=7.0364461348e-03 : r(0,0)/zmax=5.4503074159e-01 : r(Pi/2,0)/xmax=5.7166018841e-01 : r(Pi/2,Pi/2)/ymax=5.7138221904e-01 : expmax=-5.1414234678e-01 : expmin=-5.3314805068e-01
      AHF step=18 : err=4.0278749176e-04 : R(0,0)=6.6498893957e-03 : R(Pi/2,0)=6.9896965726e-03 : R(Pi/2,Pi/2)=6.9860836914e-03 : r(0,0)/zmax=5.4392421430e-01 : r(Pi/2,0)/xmax=5.6808905912e-01 : r(Pi/2,Pi/2)/ymax=5.6783424350e-01 : expmax=-5.1633500209e-01 : expmin=-5.3372293610e-01
      AHF step=19 : err=3.9579076312e-04 : R(0,0)=6.6327235305e-03 : R(Pi/2,0)=6.9406727005e-03 : R(Pi/2,Pi/2)=6.9373722763e-03 : r(0,0)/zmax=5.4269282721e-01 : r(Pi/2,0)/xmax=5.6462756121e-01 : r(Pi/2,Pi/2)/ymax=5.6439422422e-01 : expmax=-5.1846411906e-01 : expmin=-5.3439251794e-01
      AHF step=20 : err=3.8765282790e-04 : R(0,0)=6.6141930744e-03 : R(Pi/2,0)=6.8933508344e-03 : R(Pi/2,Pi/2)=6.8903383565e-03 : r(0,0)/zmax=5.4136239795e-01 : r(Pi/2,0)/xmax=5.6127833561e-01 : r(Pi/2,Pi/2)/ymax=5.6106486312e-01 : expmax=-5.2052622260e-01 : expmin=-5.3513743515e-01
      AHF step=21 : err=3.7864928677e-04 : R(0,0)=6.5946043473e-03 : R(Pi/2,0)=6.8477350604e-03 : R(Pi/2,Pi/2)=6.8449871043e-03 : r(0,0)/zmax=5.3995468532e-01 : r(Pi/2,0)/xmax=5.5804250209e-01 : r(Pi/2,Pi/2)/ymax=5.5784734028e-01 : expmax=-5.2252012798e-01 : expmin=-5.3594205721e-01
      AHF step=22 : err=3.6910811044e-04 : R(0,0)=6.5742078829e-03 : R(Pi/2,0)=6.8038033709e-03 : R(Pi/2,Pi/2)=6.8012977586e-03 : r(0,0)/zmax=5.3848750262e-01 : r(Pi/2,0)/xmax=5.5491929785e-01 : r(Pi/2,Pi/2)/ymax=5.5474096588e-01 : expmax=-5.2444320400e-01 : expmin=-5.3679320745e-01
      AHF step=23 : err=3.5919570955e-04 : R(0,0)=6.5532157184e-03 : R(Pi/2,0)=6.7615231037e-03 : R(Pi/2,Pi/2)=6.7592391102e-03 : r(0,0)/zmax=5.3697595256e-01 : r(Pi/2,0)/xmax=5.5190715890e-01 : r(Pi/2,Pi/2)/ymax=5.5174426511e-01 : expmax=-5.2629859702e-01 : expmin=-5.3768009526e-01
      AHF step=24 : err=3.4921593638e-04 : R(0,0)=6.5317923509e-03 : R(Pi/2,0)=6.7208381998e-03 : R(Pi/2,Pi/2)=6.7187563571e-03 : r(0,0)/zmax=5.3543176678e-01 : r(Pi/2,0)/xmax=5.4900280296e-01 : r(Pi/2,Pi/2)/ymax=5.4885403231e-01 : expmax=-5.2808727359e-01 : expmin=-5.3859357004e-01
      AHF step=25 : err=3.3908987392e-04 : R(0,0)=6.5100922908e-03 : R(Pi/2,0)=6.6817065243e-03 : R(Pi/2,Pi/2)=6.6798087953e-03 : r(0,0)/zmax=5.3386600261e-01 : r(Pi/2,0)/xmax=5.4620388703e-01 : r(Pi/2,Pi/2)/ymax=5.4606801518e-01 : expmax=-5.2981125043e-01 : expmin=-5.3952652058e-01
      AHF step=26 : err=3.2912195760e-04 : R(0,0)=6.4882265072e-03 : R(Pi/2,0)=6.6440590488e-03 : R(Pi/2,Pi/2)=6.6423292960e-03 : r(0,0)/zmax=5.3228661633e-01 : r(Pi/2,0)/xmax=5.4350609174e-01 : r(Pi/2,Pi/2)/ymax=5.4338201995e-01 : expmax=-5.3147124869e-01 : expmin=-5.4047224580e-01
      AHF step=27 : err=3.1927436071e-04 : R(0,0)=6.4662961571e-03 : R(Pi/2,0)=6.6078377656e-03 : R(Pi/2,Pi/2)=6.6062609765e-03 : r(0,0)/zmax=5.3070088785e-01 : r(Pi/2,0)/xmax=5.4090583057e-01 : r(Pi/2,Pi/2)/ymax=5.4079253172e-01 : expmax=-5.3306669746e-01 : expmin=-5.4142592067e-01
      AHF step=28 : err=3.0961443548e-04 : R(0,0)=6.4443833124e-03 : R(Pi/2,0)=6.5729824800e-03 : R(Pi/2,Pi/2)=6.5715448256e-03 : r(0,0)/zmax=5.2911474575e-01 : r(Pi/2,0)/xmax=5.3839930922e-01 : r(Pi/2,Pi/2)/ymax=5.3829583322e-01 : expmax=-5.3460367066e-01 : expmin=-5.4238325860e-01
      AHF step=29 : err=3.0021309218e-04 : R(0,0)=6.4225536288e-03 : R(Pi/2,0)=6.5394296935e-03 : R(Pi/2,Pi/2)=6.5381185563e-03 : r(0,0)/zmax=5.2753295366e-01 : r(Pi/2,0)/xmax=5.3598244656e-01 : r(Pi/2,Pi/2)/ymax=5.3588792336e-01 : expmax=-5.3608445871e-01 : expmin=-5.4334278377e-01
      AHF step=30 : err=2.9106838938e-04 : R(0,0)=6.4008649098e-03 : R(Pi/2,0)=6.5071191113e-03 : R(Pi/2,Pi/2)=6.5059228040e-03 : r(0,0)/zmax=5.2595972533e-01 : r(Pi/2,0)/xmax=5.3365134519e-01 : r(Pi/2,Pi/2)/ymax=5.3356496555e-01 : expmax=-5.3751088162e-01 : expmin=-5.4429913986e-01
      AHF step=31 : err=2.8215396358e-04 : R(0,0)=6.3793675483e-03 : R(Pi/2,0)=6.4759969925e-03 : R(Pi/2,Pi/2)=6.4749048232e-03 : r(0,0)/zmax=5.2439875358e-01 : r(Pi/2,0)/xmax=5.3140253822e-01 : r(Pi/2,Pi/2)/ymax=5.3132355930e-01 : expmax=-5.3887960404e-01 : expmin=-5.4524980010e-01
      AHF step=32 : err=2.7357656209e-04 : R(0,0)=6.3580947860e-03 : R(Pi/2,0)=6.4460019983e-03 : R(Pi/2,Pi/2)=6.4450042462e-03 : r(0,0)/zmax=5.2285249878e-01 : r(Pi/2,0)/xmax=5.2923197034e-01 : r(Pi/2,Pi/2)/ymax=5.2915971461e-01 : expmax=-5.4019150065e-01 : expmin=-5.4619255108e-01
      AHF step=33 : err=2.6527081223e-04 : R(0,0)=6.3370795037e-03 : R(Pi/2,0)=6.4170820336e-03 : R(Pi/2,Pi/2)=6.4161697956e-03 : r(0,0)/zmax=5.2132340448e-01 : r(Pi/2,0)/xmax=5.2713621733e-01 : r(Pi/2,Pi/2)/ymax=5.2707006227e-01 : expmax=-5.4145585856e-01 : expmin=-5.4712592396e-01
      AHF step=34 : err=2.5727598767e-04 : R(0,0)=6.3163459360e-03 : R(Pi/2,0)=6.3891827252e-03 : R(Pi/2,Pi/2)=6.3883478898e-03 : r(0,0)/zmax=5.1981329326e-01 : r(Pi/2,0)/xmax=5.2511165622e-01 : r(Pi/2,Pi/2)/ymax=5.2505103300e-01 : expmax=-5.4267358241e-01 : expmin=-5.4804845900e-01
      AHF step=35 : err=2.4957239106e-04 : R(0,0)=6.2959135167e-03 : R(Pi/2,0)=6.3622549433e-03 : R(Pi/2,Pi/2)=6.3614900750e-03 : r(0,0)/zmax=5.1832364379e-01 : r(Pi/2,0)/xmax=5.2315501299e-01 : r(Pi/2,Pi/2)/ymax=5.2309939860e-01 : expmax=-5.4384848484e-01 : expmin=-5.4895907202e-01
      AHF step=36 : err=2.4220220070e-04 : R(0,0)=6.2757933061e-03 : R(Pi/2,0)=6.3362469506e-03 : R(Pi/2,Pi/2)=6.3355453984e-03 : r(0,0)/zmax=5.1685532806e-01 : r(Pi/2,0)/xmax=5.2126279520e-01 : r(Pi/2,Pi/2)/ymax=5.2121172081e-01 : expmax=-5.4498388496e-01 : expmin=-5.4985688523e-01
      AHF step=37 : err=2.3510596114e-04 : R(0,0)=6.2559977313e-03 : R(Pi/2,0)=6.3111143531e-03 : R(Pi/2,Pi/2)=6.3104698589e-03 : r(0,0)/zmax=5.1540932010e-01 : r(Pi/2,0)/xmax=5.1943201776e-01 : r(Pi/2,Pi/2)/ymax=5.1938504068e-01 : expmax=-5.4608183354e-01 : expmin=-5.5074138766e-01
      AHF step=38 : err=2.2821556779e-04 : R(0,0)=6.2365424321e-03 : R(Pi/2,0)=6.2868208834e-03 : R(Pi/2,Pi/2)=6.2862278410e-03 : r(0,0)/zmax=5.1398683137e-01 : r(Pi/2,0)/xmax=5.1766026479e-01 : r(Pi/2,Pi/2)/ymax=5.1761698764e-01 : expmax=-5.4714407901e-01 : expmin=-5.5161200660e-01
      AHF step=39 : err=2.2157016776e-04 : R(0,0)=6.2174364556e-03 : R(Pi/2,0)=6.2633277971e-03 : R(Pi/2,Pi/2)=6.2627811206e-03 : r(0,0)/zmax=5.1258859368e-01 : r(Pi/2,0)/xmax=5.1594491961e-01 : r(Pi/2,Pi/2)/ymax=5.1590498108e-01 : expmax=-5.4817335881e-01 : expmin=-5.5246802738e-01
      AHF step=40 : err=2.1529678516e-04 : R(0,0)=6.1986716686e-03 : R(Pi/2,0)=6.2405859855e-03 : R(Pi/2,Pi/2)=6.2400810567e-03 : r(0,0)/zmax=5.1121408109e-01 : r(Pi/2,0)/xmax=5.1428258790e-01 : r(Pi/2,Pi/2)/ymax=5.1424565915e-01 : expmax=-5.4916815436e-01 : expmin=-5.5330902355e-01
      AHF step=41 : err=2.0919704894e-04 : R(0,0)=6.1802564024e-03 : R(Pi/2,0)=6.2185669914e-03 : R(Pi/2,Pi/2)=6.2180995639e-03 : r(0,0)/zmax=5.0986397186e-01 : r(Pi/2,0)/xmax=5.1267136556e-01 : r(Pi/2,Pi/2)/ymax=5.1263714353e-01 : expmax=-5.5012887299e-01 : expmin=-5.5413532667e-01
      AHF step=42 : err=2.0331718892e-04 : R(0,0)=6.1621930050e-03 : R(Pi/2,0)=6.1972384815e-03 : R(Pi/2,Pi/2)=6.1968046594e-03 : r(0,0)/zmax=5.0853850596e-01 : r(Pi/2,0)/xmax=5.1110905006e-01 : r(Pi/2,Pi/2)/ymax=5.1107725602e-01 : expmax=-5.5106007957e-01 : expmin=-5.5494654345e-01
      AHF step=43 : err=1.9769775208e-04 : R(0,0)=6.1444780732e-03 : R(Pi/2,0)=6.1765651330e-03 : R(Pi/2,Pi/2)=6.1761614088e-03 : r(0,0)/zmax=5.0723750009e-01 : r(Pi/2,0)/xmax=5.0959320477e-01 : r(Pi/2,Pi/2)/ymax=5.0956358733e-01 : expmax=-5.5196093227e-01 : expmin=-5.5574254420e-01
      AHF step=44 : err=1.9224674726e-04 : R(0,0)=6.1271157683e-03 : R(Pi/2,0)=6.1565205482e-03 : R(Pi/2,Pi/2)=6.1561439536e-03 : r(0,0)/zmax=5.0596132511e-01 : r(Pi/2,0)/xmax=5.0812203353e-01 : r(Pi/2,Pi/2)/ymax=5.0809437993e-01 : expmax=-5.5283276501e-01 : expmin=-5.5652345429e-01
      AHF step=45 : err=1.8702593622e-04 : R(0,0)=6.1100991317e-03 : R(Pi/2,0)=6.1370749797e-03 : R(Pi/2,Pi/2)=6.1367224210e-03 : r(0,0)/zmax=5.0470953324e-01 : r(Pi/2,0)/xmax=5.0669348239e-01 : r(Pi/2,Pi/2)/ymax=5.0666756976e-01 : expmax=-5.5367488001e-01 : expmin=-5.5728906604e-01
      AHF step=46 : err=1.8206062879e-04 : R(0,0)=6.0934191610e-03 : R(Pi/2,0)=6.1181959255e-03 : R(Pi/2,Pi/2)=6.1178647627e-03 : r(0,0)/zmax=5.0348152326e-01 : r(Pi/2,0)/xmax=5.0530528273e-01 : r(Pi/2,Pi/2)/ymax=5.0528092080e-01 : expmax=-5.5449295028e-01 : expmin=-5.5803966310e-01
      AHF step=47 : err=1.7727060285e-04 : R(0,0)=6.0770717530e-03 : R(Pi/2,0)=6.0998600898e-03 : R(Pi/2,Pi/2)=6.0995478732e-03 : r(0,0)/zmax=5.0227705176e-01 : r(Pi/2,0)/xmax=5.0395583171e-01 : r(Pi/2,Pi/2)/ymax=5.0393284350e-01 : expmax=-5.5528822146e-01 : expmin=-5.5877562168e-01
      AHF step=48 : err=1.7261348016e-04 : R(0,0)=6.0610584314e-03 : R(Pi/2,0)=6.0820478798e-03 : R(Pi/2,Pi/2)=6.0817524309e-03 : r(0,0)/zmax=5.0109628826e-01 : r(Pi/2,0)/xmax=5.0264379018e-01 : r(Pi/2,Pi/2)/ymax=5.0262201814e-01 : expmax=-5.5606158782e-01 : expmin=-5.5949710235e-01
      AHF step=49 : err=1.6815517690e-04 : R(0,0)=6.0453721030e-03 : R(Pi/2,0)=6.0647334922e-03 : R(Pi/2,Pi/2)=6.0644528039e-03 : r(0,0)/zmax=4.9993876540e-01 : r(Pi/2,0)/xmax=5.0136735313e-01 : r(Pi/2,Pi/2)/ymax=5.0134665181e-01 : expmax=-5.5681305928e-01 : expmin=-5.6020401834e-01
      AHF step=50 : err=1.6383210648e-04 : R(0,0)=6.0300089203e-03 : R(Pi/2,0)=6.0478997075e-03 : R(Pi/2,Pi/2)=6.0476319118e-03 : r(0,0)/zmax=4.9880425289e-01 : r(Pi/2,0)/xmax=5.0012534019e-01 : r(Pi/2,Pi/2)/ymax=5.0010557395e-01 : expmax=-5.5754365787e-01 : expmin=-5.6089686437e-01
      AHF step=51 : err=1.5964956404e-04 : R(0,0)=6.0149660525e-03 : R(Pi/2,0)=6.0315275804e-03 : R(Pi/2,Pi/2)=6.0312709173e-03 : r(0,0)/zmax=4.9769259365e-01 : r(Pi/2,0)/xmax=4.9891643697e-01 : r(Pi/2,Pi/2)/ymax=4.9889747771e-01 : expmax=-5.5825482341e-01 : expmin=-5.6157595001e-01
      AHF step=52 : err=1.5555924258e-04 : R(0,0)=6.0002448763e-03 : R(Pi/2,0)=6.0156016466e-03 : R(Pi/2,Pi/2)=6.0153548622e-03 : r(0,0)/zmax=4.9660394018e-01 : r(Pi/2,0)/xmax=4.9773957971e-01 : r(Pi/2,Pi/2)/ymax=4.9772133643e-01 : expmax=-5.5894724222e-01 : expmin=-5.6224101078e-01
      AHF step=53 : err=1.5167068680e-04 : R(0,0)=5.9858351179e-03 : R(Pi/2,0)=6.0000987864e-03 : R(Pi/2,Pi/2)=5.9998607880e-03 : r(0,0)/zmax=4.9553758173e-01 : r(Pi/2,0)/xmax=4.9659313280e-01 : r(Pi/2,Pi/2)/ymax=4.9657552611e-01 : expmax=-5.5961940696e-01 : expmin=-5.6289197504e-01
      AHF step=54 : err=1.4795962600e-04 : R(0,0)=5.9717256536e-03 : R(Pi/2,0)=5.9849987556e-03 : R(Pi/2,Pi/2)=5.9847686024e-03 : r(0,0)/zmax=4.9449274149e-01 : r(Pi/2,0)/xmax=4.9547566650e-01 : r(Pi/2,Pi/2)/ymax=4.9545862801e-01 : expmax=-5.6027361723e-01 : expmin=-5.6352928133e-01
      AHF step=55 : err=1.4436617923e-04 : R(0,0)=5.9579097520e-03 : R(Pi/2,0)=5.9702876696e-03 : R(Pi/2,Pi/2)=5.9700644838e-03 : r(0,0)/zmax=4.9346896503e-01 : r(Pi/2,0)/xmax=4.9438621614e-01 : r(Pi/2,Pi/2)/ymax=4.9436968196e-01 : expmax=-5.6091274228e-01 : expmin=-5.6415340768e-01
      AHF step=56 : err=1.4090867645e-04 : R(0,0)=5.9443803154e-03 : R(Pi/2,0)=5.9559488758e-03 : R(Pi/2,Pi/2)=5.9557317174e-03 : r(0,0)/zmax=4.9246576854e-01 : r(Pi/2,0)/xmax=4.9332360739e-01 : r(Pi/2,Pi/2)/ymax=4.9330750884e-01 : expmax=-5.6153634266e-01 : expmin=-5.6476463884e-01
      AHF step=57 : err=1.3757918672e-04 : R(0,0)=5.9311303408e-03 : R(Pi/2,0)=5.9419672619e-03 : R(Pi/2,Pi/2)=5.9417554223e-03 : r(0,0)/zmax=4.9148267303e-01 : r(Pi/2,0)/xmax=4.9228677531e-01 : r(Pi/2,Pi/2)/ymax=4.9227106070e-01 : expmax=-5.6214435390e-01 : expmin=-5.6536327627e-01
      AHF step=58 : err=1.3434679594e-04 : R(0,0)=5.9181546247e-03 : R(Pi/2,0)=5.9283310528e-03 : R(Pi/2,Pi/2)=5.9281239259e-03 : r(0,0)/zmax=4.9051933099e-01 : r(Pi/2,0)/xmax=4.9127489836e-01 : r(Pi/2,Pi/2)/ymax=4.9125952346e-01 : expmax=-5.6273749228e-01 : expmin=-5.6594961882e-01
      AHF step=59 : err=1.3122192348e-04 : R(0,0)=5.9054477116e-03 : R(Pi/2,0)=5.9150272087e-03 : R(Pi/2,Pi/2)=5.9148240443e-03 : r(0,0)/zmax=4.8957537445e-01 : r(Pi/2,0)/xmax=4.9028705752e-01 : r(Pi/2,Pi/2)/ymax=4.9027196730e-01 : expmax=-5.6331644264e-01 : expmin=-5.6652388689e-01
      AHF step=60 : err=1.2815046900e-04 : R(0,0)=5.8930093378e-03 : R(Pi/2,0)=5.9020475480e-03 : R(Pi/2,Pi/2)=5.9018478831e-03 : r(0,0)/zmax=4.8865081971e-01 : r(Pi/2,0)/xmax=4.8932269120e-01 : r(Pi/2,Pi/2)/ymax=4.8930785184e-01 : expmax=-5.6388171183e-01 : expmin=-5.6708631221e-01
      AHF step=61 : err=1.2519100478e-04 : R(0,0)=5.8808308949e-03 : R(Pi/2,0)=5.8893797645e-03 : R(Pi/2,Pi/2)=5.8891831054e-03 : r(0,0)/zmax=4.8774506147e-01 : r(Pi/2,0)/xmax=4.8838092848e-01 : r(Pi/2,Pi/2)/ymax=4.8836630380e-01 : expmax=-5.6443355777e-01 : expmin=-5.6763689787e-01
      AHF step=62 : err=1.2233946224e-04 : R(0,0)=5.8689044220e-03 : R(Pi/2,0)=5.8770118749e-03 : R(Pi/2,Pi/2)=5.8768178100e-03 : r(0,0)/zmax=4.8685754043e-01 : r(Pi/2,0)/xmax=4.8746091922e-01 : r(Pi/2,Pi/2)/ymax=4.8744647907e-01 : expmax=-5.6497371999e-01 : expmin=-5.6817601721e-01
      AHF step=63 : err=1.1957523047e-04 : R(0,0)=5.8572240225e-03 : R(Pi/2,0)=5.8649340043e-03 : R(Pi/2,Pi/2)=5.8647421272e-03 : r(0,0)/zmax=4.8598784899e-01 : r(Pi/2,0)/xmax=4.8656196723e-01 : r(Pi/2,Pi/2)/ymax=4.8654768176e-01 : expmax=-5.6550152282e-01 : expmin=-5.6870401517e-01
      AHF step=64 : err=1.1691350753e-04 : R(0,0)=5.8457834925e-03 : R(Pi/2,0)=5.8531339358e-03 : R(Pi/2,Pi/2)=5.8529438277e-03 : r(0,0)/zmax=4.8513555510e-01 : r(Pi/2,0)/xmax=4.8568319925e-01 : r(Pi/2,Pi/2)/ymax=4.8566903764e-01 : expmax=-5.6601724331e-01 : expmin=-5.6922114650e-01
      AHF step=65 : err=1.1435419387e-04 : R(0,0)=5.8345746178e-03 : R(Pi/2,0)=5.8416009779e-03 : R(Pi/2,Pi/2)=5.8414123817e-03 : r(0,0)/zmax=4.8430007514e-01 : r(Pi/2,0)/xmax=4.8482385286e-01 : r(Pi/2,Pi/2)/ymax=4.8480979628e-01 : expmax=-5.6652134290e-01 : expmin=-5.6972767981e-01
      AHF step=66 : err=1.1187320258e-04 : R(0,0)=5.8235912007e-03 : R(Pi/2,0)=5.8303262918e-03 : R(Pi/2,Pi/2)=5.8301388541e-03 : r(0,0)/zmax=4.8348097411e-01 : r(Pi/2,0)/xmax=4.8398330134e-01 : r(Pi/2,Pi/2)/ymax=4.8396932370e-01 : expmax=-5.6701428095e-01 : expmin=-5.7022397345e-01
      AHF step=67 : err=1.0946432977e-04 : R(0,0)=5.8128281711e-03 : R(Pi/2,0)=5.8193019810e-03 : R(Pi/2,Pi/2)=5.8191154690e-03 : r(0,0)/zmax=4.8267789963e-01 : r(Pi/2,0)/xmax=4.8316098609e-01 : r(Pi/2,Pi/2)/ymax=4.8314707031e-01 : expmax=-5.6749526069e-01 : expmin=-5.7071029714e-01
      AHF step=68 : err=1.0709955531e-04 : R(0,0)=5.8022825136e-03 : R(Pi/2,0)=5.8085225603e-03 : R(Pi/2,Pi/2)=5.8083366825e-03 : r(0,0)/zmax=4.8189065148e-01 : r(Pi/2,0)/xmax=4.8235652669e-01 : r(Pi/2,Pi/2)/ymax=4.8234265122e-01 : expmax=-5.6796559023e-01 : expmin=-5.7118687085e-01
      AHF step=69 : err=1.0484506014e-04 : R(0,0)=5.7919468526e-03 : R(Pi/2,0)=5.7979754043e-03 : R(Pi/2,Pi/2)=5.7977900653e-03 : r(0,0)/zmax=4.8111870272e-01 : r(Pi/2,0)/xmax=4.8156900792e-01 : r(Pi/2,Pi/2)/ymax=4.8155516584e-01 : expmax=-5.6842600903e-01 : expmin=-5.7165382438e-01
      AHF step=70 : err=1.0262500528e-04 : R(0,0)=5.7818184550e-03 : R(Pi/2,0)=5.7876571474e-03 : R(Pi/2,Pi/2)=5.7874720830e-03 : r(0,0)/zmax=4.8036187189e-01 : r(Pi/2,0)/xmax=4.8079820405e-01 : r(Pi/2,Pi/2)/ymax=4.8078437580e-01 : expmax=-5.6887750240e-01 : expmin=-5.7211148074e-01
